<?xml version="1.0" encoding="UTF-8"?>
<!-- Generated by org.testng.reporters.JUnitReportReporter -->
<testsuite skipped="0" hostname="SachinRoy-Asus" name="testcases.Grid_2" tests="1" failures="0" timestamp="15 Oct 2018 13:47:43 GMT" time="2.089" errors="0">
  <testcase name="simpleTest" time="2.089" classname="testcases.Grid_2"/>
</testsuite> <!-- testcases.Grid_2 -->
